<?xml version="1.0" encoding="UTF-8"?>
<!-- Generated by org.testng.reporters.JUnitReportReporter -->
<testsuite hostname="monisha-HP-280-G1-MT-Business-PC" failures="0" tests="1" name="Testcases.DocumentTypeTest" time="4.284" errors="0" timestamp="2024-06-25T10:01:46 IST" skipped="0">
  <testcase classname="Testcases.DocumentTypeTest" name="DocumentTypeTest" time="4.284"/>
  <system-out/>
</testsuite> <!-- Testcases.DocumentTypeTest -->
