<?xml version="1.0" encoding="UTF-8"?>
<!-- Generated by org.testng.reporters.JUnitReportReporter -->
<testsuite hostname="monisha-HP-280-G1-MT-Business-PC" failures="0" tests="1" name="Testcases.State1TC" time="13.384" errors="0" timestamp="2024-05-09T13:33:49 IST" skipped="0">
  <testcase classname="Testcases.State1TC" name="eventlist" time="13.384"/>
  <system-out/>
</testsuite> <!-- Testcases.State1TC -->
