<?xml version="1.0" encoding="UTF-8"?>
<!-- Generated by org.testng.reporters.JUnitReportReporter -->
<testsuite hostname="monisha-HP-280-G1-MT-Business-PC" failures="0" tests="1" name="Testcases.CountryTest" time="22.514" errors="0" timestamp="2024-06-24T14:21:24 IST" skipped="0">
  <testcase classname="Testcases.CountryTest" name="eventlist" time="22.514"/>
  <system-out/>
</testsuite> <!-- Testcases.CountryTest -->
