<?xml version="1.0" encoding="UTF-8"?>
<!-- Generated by org.testng.reporters.JUnitReportReporter -->
<testsuite hostname="monisha-HP-280-G1-MT-Business-PC" failures="0" tests="1" name="Testcases.DocumentTypeTest" time="20.488" errors="0" timestamp="2024-05-09T09:33:14 IST" skipped="0">
  <testcase classname="Testcases.DocumentTypeTest" name="DocumentTypeTest" time="20.488"/>
  <system-out/>
</testsuite> <!-- Testcases.DocumentTypeTest -->
