<?xml version="1.0" encoding="UTF-8"?>
<!-- Generated by org.testng.reporters.JUnitReportReporter -->
<testsuite hostname="monisha-HP-280-G1-MT-Business-PC" failures="0" tests="2" name="Testcases.Dashboradtestcases" time="41.462" errors="0" timestamp="2024-03-14T11:27:24 IST" skipped="0">
  <testcase classname="Testcases.Dashboradtestcases" name="main" time="8.191"/>
  <system-out/>
  <testcase classname="Testcases.Dashboradtestcases" name="eventlist" time="33.271"/>
  <system-out/>
</testsuite> <!-- Testcases.Dashboradtestcases -->
