<?xml version="1.0" encoding="UTF-8"?>
<!-- Generated by org.testng.reporters.JUnitReportReporter -->
<testsuite hostname="monisha-HP-280-G1-MT-Business-PC" failures="0" tests="1" name="Testcases.CountryTest" time="16.329" errors="0" timestamp="2024-05-07T14:59:51 IST" skipped="0">
  <testcase classname="Testcases.CountryTest" name="eventlist" time="16.329"/>
  <system-out/>
</testsuite> <!-- Testcases.CountryTest -->
