<?xml version="1.0" encoding="UTF-8"?>
<!-- Generated by org.testng.reporters.JUnitReportReporter -->
<testsuite hostname="monisha-HP-280-G1-MT-Business-PC" failures="0" tests="2" name="Testcases.MastersTest" time="24.089" errors="0" timestamp="2024-04-09T10:08:43 IST" skipped="0">
  <testcase classname="Testcases.MastersTest" name="main" time="6.297"/>
  <system-out/>
  <testcase classname="Testcases.MastersTest" name="eventlist" time="17.792"/>
  <system-out/>
</testsuite> <!-- Testcases.MastersTest -->
