<?xml version="1.0" encoding="UTF-8"?>
<!-- Generated by org.testng.reporters.JUnitReportReporter -->
<testsuite hostname="docme170" failures="0" tests="2" name="Testcases.Logintestcase" time="7.894" errors="0" timestamp="2024-04-19T13:48:30 IST" skipped="0">
  <testcase classname="Testcases.Logintestcase" name="eventlist" time="0.022"/>
  <system-out/>
  <testcase classname="Testcases.Logintestcase" name="main" time="7.872"/>
  <system-out/>
</testsuite> <!-- Testcases.Logintestcase -->
